

Started GET "/movies" for 127.0.0.1 at 2014-06-02 00:50:59 -0300
Connecting to database specified by database.yml
Processing by MoviesController#index as HTML
Redirected to http://localhost:3000/movies?ratings%5BG%5D=1&ratings%5BPG%5D=1&ratings%5BPG-13%5D=1&ratings%5BR%5D=1
Completed 302 Found in 2.4ms (ActiveRecord: 0.0ms)


Started GET "/movies?ratings%5BG%5D=1&ratings%5BPG%5D=1&ratings%5BPG-13%5D=1&ratings%5BR%5D=1" for 127.0.0.1 at 2014-06-02 00:51:02 -0300
Processing by MoviesController#index as HTML
  Parameters: {"ratings"=>{"G"=>"1", "PG"=>"1", "PG-13"=>"1", "R"=>"1"}}
  [1m[36mMovie Load (0.5ms)[0m  [1mSELECT "movies".* FROM "movies" WHERE "movies"."rating" IN ('G', 'PG', 'PG-13', 'R')[0m
  Rendered movies/index.html.haml within layouts/application (82.1ms)
Compiled application.css  (1ms)  (pid 6144)
Compiled jquery.js  (4ms)  (pid 6144)
Compiled jquery_ujs.js  (0ms)  (pid 6144)
Compiled application.js  (117ms)  (pid 6144)
Completed 200 OK in 818.9ms (Views: 461.6ms | ActiveRecord: 17.9ms)


Started GET "/assets/application.css?body=1" for 127.0.0.1 at 2014-06-02 00:51:03 -0300
Served asset /application.css - 200 OK (35ms)


Started GET "/assets/application.js?body=1" for 127.0.0.1 at 2014-06-02 00:51:03 -0300
Served asset /application.js - 304 Not Modified (12ms)


Started GET "/assets/jquery_ujs.js?body=1" for 127.0.0.1 at 2014-06-02 00:51:03 -0300
Served asset /jquery_ujs.js - 200 OK (4ms)


Started GET "/assets/jquery.js?body=1" for 127.0.0.1 at 2014-06-02 00:51:03 -0300
Served asset /jquery.js - 200 OK (7ms)


Started GET "/movies?utf8=%E2%9C%93&ratings%5BG%5D=1&ratings%5BPG%5D=1&ratings%5BPG-13%5D=1&ratings%5BNC-17%5D=1&ratings%5BR%5D=1&commit=Refresh" for 127.0.0.1 at 2014-06-02 00:51:08 -0300
Processing by MoviesController#index as HTML
  Parameters: {"utf8"=>"✓", "ratings"=>{"G"=>"1", "PG"=>"1", "PG-13"=>"1", "NC-17"=>"1", "R"=>"1"}, "commit"=>"Refresh"}
Redirected to http://localhost:3000/movies?ratings%5BG%5D=1&ratings%5BNC-17%5D=1&ratings%5BPG%5D=1&ratings%5BPG-13%5D=1&ratings%5BR%5D=1
Completed 302 Found in 1.4ms (ActiveRecord: 0.0ms)


Started GET "/movies?ratings%5BG%5D=1&ratings%5BNC-17%5D=1&ratings%5BPG%5D=1&ratings%5BPG-13%5D=1&ratings%5BR%5D=1" for 127.0.0.1 at 2014-06-02 00:51:08 -0300
Processing by MoviesController#index as HTML
  Parameters: {"ratings"=>{"G"=>"1", "NC-17"=>"1", "PG"=>"1", "PG-13"=>"1", "R"=>"1"}}
  [1m[35mMovie Load (0.4ms)[0m  SELECT "movies".* FROM "movies" WHERE "movies"."rating" IN ('G', 'NC-17', 'PG', 'PG-13', 'R')
  Rendered movies/index.html.haml within layouts/application (18.3ms)
Completed 200 OK in 39.4ms (Views: 24.7ms | ActiveRecord: 0.4ms)


Started GET "/assets/application.css?body=1" for 127.0.0.1 at 2014-06-02 00:51:08 -0300
Served asset /application.css - 304 Not Modified (0ms)


Started GET "/assets/jquery.js?body=1" for 127.0.0.1 at 2014-06-02 00:51:08 -0300
Served asset /jquery.js - 304 Not Modified (8ms)


Started GET "/assets/jquery_ujs.js?body=1" for 127.0.0.1 at 2014-06-02 00:51:08 -0300
Served asset /jquery_ujs.js - 304 Not Modified (0ms)


Started GET "/assets/application.js?body=1" for 127.0.0.1 at 2014-06-02 00:51:08 -0300
Served asset /application.js - 304 Not Modified (6ms)


Started GET "/movies?ratings%5BG%5D=1&ratings%5BNC-17%5D=1&ratings%5BPG%5D=1&ratings%5BPG-13%5D=1&ratings%5BR%5D=1&sort=title" for 127.0.0.1 at 2014-06-02 00:54:44 -0300
Processing by MoviesController#index as HTML
  Parameters: {"ratings"=>{"G"=>"1", "NC-17"=>"1", "PG"=>"1", "PG-13"=>"1", "R"=>"1"}, "sort"=>"title"}
Redirected to http://localhost:3000/movies?ratings%5BG%5D=1&ratings%5BNC-17%5D=1&ratings%5BPG%5D=1&ratings%5BPG-13%5D=1&ratings%5BR%5D=1&sort=title
Completed 302 Found in 8.3ms (ActiveRecord: 0.0ms)


Started GET "/movies?ratings%5BG%5D=1&ratings%5BNC-17%5D=1&ratings%5BPG%5D=1&ratings%5BPG-13%5D=1&ratings%5BR%5D=1&sort=title" for 127.0.0.1 at 2014-06-02 00:54:44 -0300
Processing by MoviesController#index as HTML
  Parameters: {"ratings"=>{"G"=>"1", "NC-17"=>"1", "PG"=>"1", "PG-13"=>"1", "R"=>"1"}, "sort"=>"title"}
  [1m[36mMovie Load (7.2ms)[0m  [1mSELECT "movies".* FROM "movies" WHERE "movies"."rating" IN ('G', 'NC-17', 'PG', 'PG-13', 'R') ORDER BY title[0m
  Rendered movies/index.html.haml within layouts/application (35.5ms)
Completed 200 OK in 54.0ms (Views: 42.6ms | ActiveRecord: 7.2ms)


Started GET "/assets/application.css?body=1" for 127.0.0.1 at 2014-06-02 00:54:44 -0300
Served asset /application.css - 304 Not Modified (11ms)


Started GET "/assets/jquery.js?body=1" for 127.0.0.1 at 2014-06-02 00:54:44 -0300
Served asset /jquery.js - 304 Not Modified (1ms)


Started GET "/assets/application.js?body=1" for 127.0.0.1 at 2014-06-02 00:54:44 -0300
Served asset /application.js - 304 Not Modified (9ms)


Started GET "/assets/jquery_ujs.js?body=1" for 127.0.0.1 at 2014-06-02 00:54:44 -0300
Served asset /jquery_ujs.js - 304 Not Modified (4ms)


Started GET "/movies?ratings%5BG%5D=1&ratings%5BNC-17%5D=1&ratings%5BPG%5D=1&ratings%5BPG-13%5D=1&ratings%5BR%5D=1&sort=release_date" for 127.0.0.1 at 2014-06-02 00:54:46 -0300
Processing by MoviesController#index as HTML
  Parameters: {"ratings"=>{"G"=>"1", "NC-17"=>"1", "PG"=>"1", "PG-13"=>"1", "R"=>"1"}, "sort"=>"release_date"}
Redirected to http://localhost:3000/movies?ratings%5BG%5D=1&ratings%5BNC-17%5D=1&ratings%5BPG%5D=1&ratings%5BPG-13%5D=1&ratings%5BR%5D=1&sort=release_date
Completed 302 Found in 1.3ms (ActiveRecord: 0.0ms)


Started GET "/movies?ratings%5BG%5D=1&ratings%5BNC-17%5D=1&ratings%5BPG%5D=1&ratings%5BPG-13%5D=1&ratings%5BR%5D=1&sort=release_date" for 127.0.0.1 at 2014-06-02 00:54:46 -0300
Processing by MoviesController#index as HTML
  Parameters: {"ratings"=>{"G"=>"1", "NC-17"=>"1", "PG"=>"1", "PG-13"=>"1", "R"=>"1"}, "sort"=>"release_date"}
  [1m[35mMovie Load (0.5ms)[0m  SELECT "movies".* FROM "movies" WHERE "movies"."rating" IN ('G', 'NC-17', 'PG', 'PG-13', 'R') ORDER BY release_date
  Rendered movies/index.html.haml within layouts/application (19.4ms)
Completed 200 OK in 47.0ms (Views: 40.3ms | ActiveRecord: 0.5ms)


Started GET "/assets/application.css?body=1" for 127.0.0.1 at 2014-06-02 00:54:46 -0300
Served asset /application.css - 304 Not Modified (0ms)


Started GET "/assets/jquery.js?body=1" for 127.0.0.1 at 2014-06-02 00:54:46 -0300
Served asset /jquery.js - 304 Not Modified (1ms)


Started GET "/assets/application.js?body=1" for 127.0.0.1 at 2014-06-02 00:54:46 -0300
Served asset /application.js - 304 Not Modified (10ms)


Started GET "/assets/jquery_ujs.js?body=1" for 127.0.0.1 at 2014-06-02 00:54:46 -0300
Served asset /jquery_ujs.js - 304 Not Modified (0ms)


Started GET "/movies/4" for 127.0.0.1 at 2014-06-02 00:54:55 -0300
Processing by MoviesController#show as HTML
  Parameters: {"id"=>"4"}
  [1m[36mMovie Load (0.4ms)[0m  [1mSELECT "movies".* FROM "movies" WHERE "movies"."id" = ? LIMIT 1[0m  [["id", "4"]]
  Rendered movies/show.html.haml within layouts/application (6.2ms)
Completed 200 OK in 15.7ms (Views: 12.6ms | ActiveRecord: 0.4ms)


Started GET "/assets/application.css?body=1" for 127.0.0.1 at 2014-06-02 00:54:56 -0300
Served asset /application.css - 304 Not Modified (103ms)


Started GET "/assets/jquery.js?body=1" for 127.0.0.1 at 2014-06-02 00:54:56 -0300
Served asset /jquery.js - 304 Not Modified (6ms)


Started GET "/assets/jquery_ujs.js?body=1" for 127.0.0.1 at 2014-06-02 00:54:56 -0300
Served asset /jquery_ujs.js - 304 Not Modified (0ms)


Started GET "/assets/application.js?body=1" for 127.0.0.1 at 2014-06-02 00:54:56 -0300
Served asset /application.js - 304 Not Modified (5ms)


Started GET "/movies" for 127.0.0.1 at 2014-06-02 00:54:58 -0300
Processing by MoviesController#index as HTML
Redirected to http://localhost:3000/movies?ratings%5BG%5D=1&ratings%5BNC-17%5D=1&ratings%5BPG%5D=1&ratings%5BPG-13%5D=1&ratings%5BR%5D=1&sort=release_date
Completed 302 Found in 1.4ms (ActiveRecord: 0.0ms)


Started GET "/movies?ratings%5BG%5D=1&ratings%5BNC-17%5D=1&ratings%5BPG%5D=1&ratings%5BPG-13%5D=1&ratings%5BR%5D=1&sort=release_date" for 127.0.0.1 at 2014-06-02 00:54:58 -0300
Processing by MoviesController#index as HTML
  Parameters: {"ratings"=>{"G"=>"1", "NC-17"=>"1", "PG"=>"1", "PG-13"=>"1", "R"=>"1"}, "sort"=>"release_date"}
  [1m[35mMovie Load (0.6ms)[0m  SELECT "movies".* FROM "movies" WHERE "movies"."rating" IN ('G', 'NC-17', 'PG', 'PG-13', 'R') ORDER BY release_date
  Rendered movies/index.html.haml within layouts/application (25.6ms)
Completed 200 OK in 38.6ms (Views: 34.3ms | ActiveRecord: 0.6ms)


Started GET "/assets/application.css?body=1" for 127.0.0.1 at 2014-06-02 00:54:59 -0300
Served asset /application.css - 304 Not Modified (0ms)


Started GET "/assets/application.js?body=1" for 127.0.0.1 at 2014-06-02 00:54:59 -0300
Served asset /application.js - 304 Not Modified (1ms)


Started GET "/assets/jquery_ujs.js?body=1" for 127.0.0.1 at 2014-06-02 00:54:59 -0300
Served asset /jquery_ujs.js - 304 Not Modified (0ms)


Started GET "/assets/jquery.js?body=1" for 127.0.0.1 at 2014-06-02 00:54:59 -0300
Served asset /jquery.js - 304 Not Modified (1ms)


Started GET "/movies?ratings%5BG%5D=1&ratings%5BNC-17%5D=1&ratings%5BPG%5D=1&ratings%5BPG-13%5D=1&ratings%5BR%5D=1&sort=title" for 127.0.0.1 at 2014-06-02 00:55:01 -0300
Processing by MoviesController#index as HTML
  Parameters: {"ratings"=>{"G"=>"1", "NC-17"=>"1", "PG"=>"1", "PG-13"=>"1", "R"=>"1"}, "sort"=>"title"}
Redirected to http://localhost:3000/movies?ratings%5BG%5D=1&ratings%5BNC-17%5D=1&ratings%5BPG%5D=1&ratings%5BPG-13%5D=1&ratings%5BR%5D=1&sort=title
Completed 302 Found in 6.9ms (ActiveRecord: 0.0ms)


Started GET "/movies?ratings%5BG%5D=1&ratings%5BNC-17%5D=1&ratings%5BPG%5D=1&ratings%5BPG-13%5D=1&ratings%5BR%5D=1&sort=title" for 127.0.0.1 at 2014-06-02 00:55:01 -0300
Processing by MoviesController#index as HTML
  Parameters: {"ratings"=>{"G"=>"1", "NC-17"=>"1", "PG"=>"1", "PG-13"=>"1", "R"=>"1"}, "sort"=>"title"}
  [1m[36mMovie Load (1.3ms)[0m  [1mSELECT "movies".* FROM "movies" WHERE "movies"."rating" IN ('G', 'NC-17', 'PG', 'PG-13', 'R') ORDER BY title[0m
  Rendered movies/index.html.haml within layouts/application (20.7ms)
Completed 200 OK in 39.7ms (Views: 35.9ms | ActiveRecord: 1.3ms)


Started GET "/assets/application.css?body=1" for 127.0.0.1 at 2014-06-02 00:55:02 -0300
Served asset /application.css - 304 Not Modified (24ms)


Started GET "/assets/jquery.js?body=1" for 127.0.0.1 at 2014-06-02 00:55:02 -0300
Served asset /jquery.js - 304 Not Modified (7ms)


Started GET "/assets/jquery_ujs.js?body=1" for 127.0.0.1 at 2014-06-02 00:55:02 -0300
Served asset /jquery_ujs.js - 304 Not Modified (0ms)


Started GET "/assets/application.js?body=1" for 127.0.0.1 at 2014-06-02 00:55:02 -0300
Served asset /application.js - 304 Not Modified (1ms)
Connecting to database specified by database.yml


Started GET "/assets/rails.png" for 127.0.0.1 at 2014-06-03 00:06:30 -0300
Connecting to database specified by database.yml
Served asset /rails.png - 304 Not Modified (95ms)


Started GET "/movies" for 127.0.0.1 at 2014-06-03 00:06:33 -0300
Processing by MoviesController#index as HTML
  [1m[36mMovie Load (0.5ms)[0m  [1mSELECT "movies".* FROM "movies" WHERE "movies"."rating" IN ('G', 'PG', 'PG-13', 'NC-17', 'R')[0m
  Rendered movies/index.html.haml within layouts/application (68.2ms)
Completed 200 OK in 614.2ms (Views: 445.1ms | ActiveRecord: 4.6ms)


Started GET "/assets/application.css?body=1" for 127.0.0.1 at 2014-06-03 00:06:34 -0300
Served asset /application.css - 304 Not Modified (24ms)


Started GET "/assets/jquery.js?body=1" for 127.0.0.1 at 2014-06-03 00:06:34 -0300
Served asset /jquery.js - 304 Not Modified (12ms)


Started GET "/assets/application.js?body=1" for 127.0.0.1 at 2014-06-03 00:06:34 -0300
Served asset /application.js - 304 Not Modified (11ms)


Started GET "/assets/jquery_ujs.js?body=1" for 127.0.0.1 at 2014-06-03 00:06:34 -0300
Served asset /jquery_ujs.js - 304 Not Modified (4ms)


Started GET "/movies?utf8=%E2%9C%93&ratings%5BG%5D=1&ratings%5BR%5D=1&commit=Refresh" for 127.0.0.1 at 2014-06-03 00:09:03 -0300
Processing by MoviesController#index as HTML
  Parameters: {"utf8"=>"✓", "ratings"=>{"G"=>"1", "R"=>"1"}, "commit"=>"Refresh"}
Redirected to http://localhost:3000/movies?ratings%5BG%5D=1&ratings%5BR%5D=1
Completed 302 Found in 1.5ms (ActiveRecord: 0.0ms)


Started GET "/movies?ratings%5BG%5D=1&ratings%5BR%5D=1" for 127.0.0.1 at 2014-06-03 00:09:03 -0300
Processing by MoviesController#index as HTML
  Parameters: {"ratings"=>{"G"=>"1", "R"=>"1"}}
  [1m[35mMovie Load (0.5ms)[0m  SELECT "movies".* FROM "movies" WHERE "movies"."rating" IN ('G', 'R')
  Rendered movies/index.html.haml within layouts/application (6.9ms)
Completed 200 OK in 19.7ms (Views: 14.3ms | ActiveRecord: 0.5ms)


Started GET "/assets/application.css?body=1" for 127.0.0.1 at 2014-06-03 00:09:03 -0300
Served asset /application.css - 304 Not Modified (9ms)


Started GET "/assets/jquery.js?body=1" for 127.0.0.1 at 2014-06-03 00:09:03 -0300
Served asset /jquery.js - 304 Not Modified (8ms)


Started GET "/assets/application.js?body=1" for 127.0.0.1 at 2014-06-03 00:09:03 -0300
Served asset /application.js - 304 Not Modified (1ms)


Started GET "/assets/jquery_ujs.js?body=1" for 127.0.0.1 at 2014-06-03 00:09:03 -0300
Served asset /jquery_ujs.js - 304 Not Modified (0ms)


Started GET "/movies?utf8=%E2%9C%93&ratings%5BPG%5D=1&ratings%5BPG-13%5D=1&ratings%5BNC-17%5D=1&commit=Refresh" for 127.0.0.1 at 2014-06-03 00:10:37 -0300
Processing by MoviesController#index as HTML
  Parameters: {"utf8"=>"✓", "ratings"=>{"PG"=>"1", "PG-13"=>"1", "NC-17"=>"1"}, "commit"=>"Refresh"}
Redirected to http://localhost:3000/movies?ratings%5BNC-17%5D=1&ratings%5BPG%5D=1&ratings%5BPG-13%5D=1
Completed 302 Found in 1.2ms (ActiveRecord: 0.0ms)


Started GET "/movies?ratings%5BNC-17%5D=1&ratings%5BPG%5D=1&ratings%5BPG-13%5D=1" for 127.0.0.1 at 2014-06-03 00:10:37 -0300
Processing by MoviesController#index as HTML
  Parameters: {"ratings"=>{"NC-17"=>"1", "PG"=>"1", "PG-13"=>"1"}}
  [1m[36mMovie Load (0.4ms)[0m  [1mSELECT "movies".* FROM "movies" WHERE "movies"."rating" IN ('NC-17', 'PG', 'PG-13')[0m
  Rendered movies/index.html.haml within layouts/application (11.2ms)
Completed 200 OK in 32.5ms (Views: 30.3ms | ActiveRecord: 0.4ms)


Started GET "/assets/application.css?body=1" for 127.0.0.1 at 2014-06-03 00:10:37 -0300
Served asset /application.css - 304 Not Modified (0ms)


Started GET "/assets/jquery.js?body=1" for 127.0.0.1 at 2014-06-03 00:10:37 -0300
Served asset /jquery.js - 304 Not Modified (1ms)


Started GET "/assets/application.js?body=1" for 127.0.0.1 at 2014-06-03 00:10:37 -0300
Served asset /application.js - 304 Not Modified (11ms)


Started GET "/assets/jquery_ujs.js?body=1" for 127.0.0.1 at 2014-06-03 00:10:37 -0300
Served asset /jquery_ujs.js - 304 Not Modified (0ms)


Started GET "/movies" for 127.0.0.1 at 2014-06-03 00:15:26 -0300
Connecting to database specified by database.yml
Processing by MoviesController#index as HTML
Redirected to http://localhost:3000/movies?ratings%5BNC-17%5D=1&ratings%5BPG%5D=1&ratings%5BPG-13%5D=1
Completed 302 Found in 8.1ms (ActiveRecord: 0.0ms)


Started GET "/movies?ratings%5BNC-17%5D=1&ratings%5BPG%5D=1&ratings%5BPG-13%5D=1" for 127.0.0.1 at 2014-06-03 00:15:27 -0300
Processing by MoviesController#index as HTML
  Parameters: {"ratings"=>{"NC-17"=>"1", "PG"=>"1", "PG-13"=>"1"}}
  [1m[36mMovie Load (0.4ms)[0m  [1mSELECT "movies".* FROM "movies" WHERE "movies"."rating" IN ('NC-17', 'PG', 'PG-13')[0m
  Rendered movies/index.html.haml within layouts/application (125.6ms)
Completed 200 OK in 506.9ms (Views: 288.5ms | ActiveRecord: 6.7ms)


Started GET "/assets/application.css?body=1" for 127.0.0.1 at 2014-06-03 00:15:28 -0300
Served asset /application.css - 304 Not Modified (10ms)


Started GET "/assets/jquery.js?body=1" for 127.0.0.1 at 2014-06-03 00:15:28 -0300
Served asset /jquery.js - 304 Not Modified (14ms)


Started GET "/assets/application.js?body=1" for 127.0.0.1 at 2014-06-03 00:15:28 -0300
Served asset /application.js - 304 Not Modified (24ms)


Started GET "/assets/jquery_ujs.js?body=1" for 127.0.0.1 at 2014-06-03 00:15:28 -0300
Served asset /jquery_ujs.js - 304 Not Modified (7ms)


Started GET "/movies?utf8=%E2%9C%93&ratings%5BG%5D=1&ratings%5BPG%5D=1&ratings%5BPG-13%5D=1&ratings%5BNC-17%5D=1&ratings%5BR%5D=1&commit=Refresh" for 127.0.0.1 at 2014-06-03 00:15:33 -0300
Processing by MoviesController#index as HTML
  Parameters: {"utf8"=>"✓", "ratings"=>{"G"=>"1", "PG"=>"1", "PG-13"=>"1", "NC-17"=>"1", "R"=>"1"}, "commit"=>"Refresh"}
Redirected to http://localhost:3000/movies?ratings%5BG%5D=1&ratings%5BNC-17%5D=1&ratings%5BPG%5D=1&ratings%5BPG-13%5D=1&ratings%5BR%5D=1
Completed 302 Found in 8.7ms (ActiveRecord: 0.0ms)


Started GET "/movies?ratings%5BG%5D=1&ratings%5BNC-17%5D=1&ratings%5BPG%5D=1&ratings%5BPG-13%5D=1&ratings%5BR%5D=1" for 127.0.0.1 at 2014-06-03 00:15:33 -0300
Processing by MoviesController#index as HTML
  Parameters: {"ratings"=>{"G"=>"1", "NC-17"=>"1", "PG"=>"1", "PG-13"=>"1", "R"=>"1"}}
  [1m[35mMovie Load (0.4ms)[0m  SELECT "movies".* FROM "movies" WHERE "movies"."rating" IN ('G', 'NC-17', 'PG', 'PG-13', 'R')
  Rendered movies/index.html.haml within layouts/application (22.0ms)
Completed 200 OK in 41.8ms (Views: 35.0ms | ActiveRecord: 0.4ms)


Started GET "/assets/application.css?body=1" for 127.0.0.1 at 2014-06-03 00:15:33 -0300
Served asset /application.css - 304 Not Modified (0ms)


Started GET "/assets/jquery.js?body=1" for 127.0.0.1 at 2014-06-03 00:15:33 -0300
Served asset /jquery.js - 304 Not Modified (25ms)


Started GET "/assets/jquery_ujs.js?body=1" for 127.0.0.1 at 2014-06-03 00:15:33 -0300
Served asset /jquery_ujs.js - 304 Not Modified (4ms)


Started GET "/assets/application.js?body=1" for 127.0.0.1 at 2014-06-03 00:15:33 -0300
Served asset /application.js - 304 Not Modified (7ms)


Started GET "/movies?utf8=%E2%9C%93&ratings%5BG%5D=1&ratings%5BPG%5D=1&commit=Refresh" for 127.0.0.1 at 2014-06-03 00:15:41 -0300
Processing by MoviesController#index as HTML
  Parameters: {"utf8"=>"✓", "ratings"=>{"G"=>"1", "PG"=>"1"}, "commit"=>"Refresh"}
Redirected to http://localhost:3000/movies?ratings%5BG%5D=1&ratings%5BPG%5D=1
Completed 302 Found in 1.2ms (ActiveRecord: 0.0ms)


Started GET "/movies?ratings%5BG%5D=1&ratings%5BPG%5D=1" for 127.0.0.1 at 2014-06-03 00:15:41 -0300
Processing by MoviesController#index as HTML
  Parameters: {"ratings"=>{"G"=>"1", "PG"=>"1"}}
  [1m[36mMovie Load (0.4ms)[0m  [1mSELECT "movies".* FROM "movies" WHERE "movies"."rating" IN ('G', 'PG')[0m
  Rendered movies/index.html.haml within layouts/application (18.4ms)
Completed 200 OK in 33.6ms (Views: 31.5ms | ActiveRecord: 0.4ms)


Started GET "/assets/application.css?body=1" for 127.0.0.1 at 2014-06-03 00:15:41 -0300
Served asset /application.css - 304 Not Modified (7ms)


Started GET "/assets/jquery.js?body=1" for 127.0.0.1 at 2014-06-03 00:15:41 -0300
Served asset /jquery.js - 304 Not Modified (1ms)


Started GET "/assets/application.js?body=1" for 127.0.0.1 at 2014-06-03 00:15:41 -0300
Served asset /application.js - 304 Not Modified (5ms)


Started GET "/assets/jquery_ujs.js?body=1" for 127.0.0.1 at 2014-06-03 00:15:41 -0300
Served asset /jquery_ujs.js - 304 Not Modified (0ms)


Started GET "/movies?utf8=%E2%9C%93&ratings%5BPG%5D=1&ratings%5BR%5D=1&commit=Refresh" for 127.0.0.1 at 2014-06-03 00:16:06 -0300
Processing by MoviesController#index as HTML
  Parameters: {"utf8"=>"✓", "ratings"=>{"PG"=>"1", "R"=>"1"}, "commit"=>"Refresh"}
Redirected to http://localhost:3000/movies?ratings%5BPG%5D=1&ratings%5BR%5D=1
Completed 302 Found in 6.8ms (ActiveRecord: 0.0ms)


Started GET "/movies?ratings%5BPG%5D=1&ratings%5BR%5D=1" for 127.0.0.1 at 2014-06-03 00:16:06 -0300
Processing by MoviesController#index as HTML
  Parameters: {"ratings"=>{"PG"=>"1", "R"=>"1"}}
  [1m[35mMovie Load (2.0ms)[0m  SELECT "movies".* FROM "movies" WHERE "movies"."rating" IN ('PG', 'R')
  Rendered movies/index.html.haml within layouts/application (7.4ms)
Completed 200 OK in 19.6ms (Views: 15.4ms | ActiveRecord: 2.0ms)


Started GET "/assets/application.css?body=1" for 127.0.0.1 at 2014-06-03 00:16:06 -0300
Served asset /application.css - 304 Not Modified (11ms)


Started GET "/assets/jquery.js?body=1" for 127.0.0.1 at 2014-06-03 00:16:06 -0300
Served asset /jquery.js - 304 Not Modified (1ms)


Started GET "/assets/application.js?body=1" for 127.0.0.1 at 2014-06-03 00:16:06 -0300
Served asset /application.js - 304 Not Modified (1ms)


Started GET "/assets/jquery_ujs.js?body=1" for 127.0.0.1 at 2014-06-03 00:16:06 -0300
Served asset /jquery_ujs.js - 304 Not Modified (0ms)


Started GET "/movies?utf8=%E2%9C%93&ratings%5BPG%5D=1&commit=Refresh" for 127.0.0.1 at 2014-06-03 00:16:53 -0300
Processing by MoviesController#index as HTML
  Parameters: {"utf8"=>"✓", "ratings"=>{"PG"=>"1"}, "commit"=>"Refresh"}
Redirected to http://localhost:3000/movies?ratings%5BPG%5D=1
Completed 302 Found in 5.6ms (ActiveRecord: 0.0ms)


Started GET "/movies?ratings%5BPG%5D=1" for 127.0.0.1 at 2014-06-03 00:16:53 -0300
Processing by MoviesController#index as HTML
  Parameters: {"ratings"=>{"PG"=>"1"}}
  [1m[36mMovie Load (0.3ms)[0m  [1mSELECT "movies".* FROM "movies" WHERE "movies"."rating" IN ('PG')[0m
  Rendered movies/index.html.haml within layouts/application (4.6ms)
Completed 200 OK in 17.5ms (Views: 12.6ms | ActiveRecord: 0.3ms)


Started GET "/assets/application.css?body=1" for 127.0.0.1 at 2014-06-03 00:16:53 -0300
Served asset /application.css - 304 Not Modified (10ms)


Started GET "/assets/jquery.js?body=1" for 127.0.0.1 at 2014-06-03 00:16:53 -0300
Served asset /jquery.js - 304 Not Modified (1ms)


Started GET "/assets/application.js?body=1" for 127.0.0.1 at 2014-06-03 00:16:53 -0300
Served asset /application.js - 304 Not Modified (1ms)


Started GET "/assets/jquery_ujs.js?body=1" for 127.0.0.1 at 2014-06-03 00:16:53 -0300
Served asset /jquery_ujs.js - 304 Not Modified (0ms)


Started GET "/movies?utf8=%E2%9C%93&ratings%5BG%5D=1&ratings%5BPG%5D=1&ratings%5BPG-13%5D=1&ratings%5BNC-17%5D=1&ratings%5BR%5D=1&commit=Refresh" for 127.0.0.1 at 2014-06-03 00:50:14 -0300
Connecting to database specified by database.yml
Processing by MoviesController#index as HTML
  Parameters: {"utf8"=>"✓", "ratings"=>{"G"=>"1", "PG"=>"1", "PG-13"=>"1", "NC-17"=>"1", "R"=>"1"}, "commit"=>"Refresh"}
Redirected to http://localhost:3000/movies?ratings%5BG%5D=1&ratings%5BNC-17%5D=1&ratings%5BPG%5D=1&ratings%5BPG-13%5D=1&ratings%5BR%5D=1
Completed 302 Found in 2.4ms (ActiveRecord: 0.0ms)


Started GET "/movies?ratings%5BG%5D=1&ratings%5BNC-17%5D=1&ratings%5BPG%5D=1&ratings%5BPG-13%5D=1&ratings%5BR%5D=1" for 127.0.0.1 at 2014-06-03 00:50:15 -0300
Processing by MoviesController#index as HTML
  Parameters: {"ratings"=>{"G"=>"1", "NC-17"=>"1", "PG"=>"1", "PG-13"=>"1", "R"=>"1"}}
  [1m[36mMovie Load (0.5ms)[0m  [1mSELECT "movies".* FROM "movies" WHERE "movies"."rating" IN ('G', 'NC-17', 'PG', 'PG-13', 'R')[0m
  Rendered movies/index.html.haml within layouts/application (66.4ms)
Completed 200 OK in 307.2ms (Views: 118.1ms | ActiveRecord: 7.7ms)


Started GET "/assets/application.css?body=1" for 127.0.0.1 at 2014-06-03 00:50:15 -0300
Served asset /application.css - 304 Not Modified (29ms)


Started GET "/assets/jquery.js?body=1" for 127.0.0.1 at 2014-06-03 00:50:15 -0300
Served asset /jquery.js - 304 Not Modified (15ms)


Started GET "/assets/jquery_ujs.js?body=1" for 127.0.0.1 at 2014-06-03 00:50:15 -0300
Served asset /jquery_ujs.js - 304 Not Modified (3ms)


Started GET "/assets/application.js?body=1" for 127.0.0.1 at 2014-06-03 00:50:15 -0300
Served asset /application.js - 304 Not Modified (28ms)


Started GET "/movies?ratings%5BG%5D=1&ratings%5BNC-17%5D=1&ratings%5BPG%5D=1&ratings%5BPG-13%5D=1&ratings%5BR%5D=1&sort=title" for 127.0.0.1 at 2014-06-03 00:50:17 -0300
Processing by MoviesController#index as HTML
  Parameters: {"ratings"=>{"G"=>"1", "NC-17"=>"1", "PG"=>"1", "PG-13"=>"1", "R"=>"1"}, "sort"=>"title"}
Redirected to http://localhost:3000/movies?ratings%5BG%5D=1&ratings%5BNC-17%5D=1&ratings%5BPG%5D=1&ratings%5BPG-13%5D=1&ratings%5BR%5D=1&sort=title
Completed 302 Found in 6.9ms (ActiveRecord: 0.0ms)


Started GET "/movies?ratings%5BG%5D=1&ratings%5BNC-17%5D=1&ratings%5BPG%5D=1&ratings%5BPG-13%5D=1&ratings%5BR%5D=1&sort=title" for 127.0.0.1 at 2014-06-03 00:50:17 -0300
Processing by MoviesController#index as HTML
  Parameters: {"ratings"=>{"G"=>"1", "NC-17"=>"1", "PG"=>"1", "PG-13"=>"1", "R"=>"1"}, "sort"=>"title"}
  [1m[35mMovie Load (0.5ms)[0m  SELECT "movies".* FROM "movies" WHERE "movies"."rating" IN ('G', 'NC-17', 'PG', 'PG-13', 'R') ORDER BY title
  Rendered movies/index.html.haml within layouts/application (12.3ms)
Completed 200 OK in 23.9ms (Views: 19.7ms | ActiveRecord: 0.5ms)


Started GET "/assets/application.css?body=1" for 127.0.0.1 at 2014-06-03 00:50:17 -0300
Served asset /application.css - 304 Not Modified (0ms)


Started GET "/assets/jquery.js?body=1" for 127.0.0.1 at 2014-06-03 00:50:17 -0300
Served asset /jquery.js - 304 Not Modified (2ms)


Started GET "/assets/jquery_ujs.js?body=1" for 127.0.0.1 at 2014-06-03 00:50:17 -0300
Served asset /jquery_ujs.js - 304 Not Modified (0ms)


Started GET "/assets/application.js?body=1" for 127.0.0.1 at 2014-06-03 00:50:17 -0300
Served asset /application.js - 304 Not Modified (9ms)


Started GET "/movies?utf8=%E2%9C%93&title_sort=true&ratings%5BG%5D=1&ratings%5BPG%5D=1&ratings%5BPG-13%5D=1&ratings%5BNC-17%5D=1&ratings%5BR%5D=1&commit=Refresh" for 127.0.0.1 at 2014-06-03 00:58:03 -0300
Connecting to database specified by database.yml
Processing by MoviesController#index as HTML
  Parameters: {"utf8"=>"✓", "title_sort"=>"true", "ratings"=>{"G"=>"1", "PG"=>"1", "PG-13"=>"1", "NC-17"=>"1", "R"=>"1"}, "commit"=>"Refresh"}
Redirected to http://localhost:3000/movies?ratings%5BG%5D=1&ratings%5BNC-17%5D=1&ratings%5BPG%5D=1&ratings%5BPG-13%5D=1&ratings%5BR%5D=1&sort=title
Completed 302 Found in 2.1ms (ActiveRecord: 0.0ms)


Started GET "/movies?ratings%5BG%5D=1&ratings%5BNC-17%5D=1&ratings%5BPG%5D=1&ratings%5BPG-13%5D=1&ratings%5BR%5D=1&sort=title" for 127.0.0.1 at 2014-06-03 00:58:04 -0300
Processing by MoviesController#index as HTML
  Parameters: {"ratings"=>{"G"=>"1", "NC-17"=>"1", "PG"=>"1", "PG-13"=>"1", "R"=>"1"}, "sort"=>"title"}
  [1m[36mMovie Load (0.5ms)[0m  [1mSELECT "movies".* FROM "movies" WHERE "movies"."rating" IN ('G', 'NC-17', 'PG', 'PG-13', 'R') ORDER BY title[0m
  Rendered movies/index.html.haml within layouts/application (76.6ms)
Completed 200 OK in 345.3ms (Views: 158.7ms | ActiveRecord: 5.7ms)


Started GET "/assets/application.css?body=1" for 127.0.0.1 at 2014-06-03 00:58:05 -0300
Served asset /application.css - 304 Not Modified (7ms)


Started GET "/assets/jquery.js?body=1" for 127.0.0.1 at 2014-06-03 00:58:05 -0300
Served asset /jquery.js - 304 Not Modified (15ms)


Started GET "/assets/jquery_ujs.js?body=1" for 127.0.0.1 at 2014-06-03 00:58:05 -0300
Served asset /jquery_ujs.js - 304 Not Modified (8ms)


Started GET "/assets/application.js?body=1" for 127.0.0.1 at 2014-06-03 00:58:05 -0300
Served asset /application.js - 304 Not Modified (18ms)


Started GET "/movies?ratings%5BG%5D=1&ratings%5BNC-17%5D=1&ratings%5BPG%5D=1&ratings%5BPG-13%5D=1&ratings%5BR%5D=1&sort=release_date" for 127.0.0.1 at 2014-06-03 01:00:59 -0300
Processing by MoviesController#index as HTML
  Parameters: {"ratings"=>{"G"=>"1", "NC-17"=>"1", "PG"=>"1", "PG-13"=>"1", "R"=>"1"}, "sort"=>"release_date"}
Redirected to http://localhost:3000/movies?ratings%5BG%5D=1&ratings%5BNC-17%5D=1&ratings%5BPG%5D=1&ratings%5BPG-13%5D=1&ratings%5BR%5D=1&sort=release_date
Completed 302 Found in 1.6ms (ActiveRecord: 0.0ms)


Started GET "/movies?ratings%5BG%5D=1&ratings%5BNC-17%5D=1&ratings%5BPG%5D=1&ratings%5BPG-13%5D=1&ratings%5BR%5D=1&sort=release_date" for 127.0.0.1 at 2014-06-03 01:00:59 -0300
Processing by MoviesController#index as HTML
  Parameters: {"ratings"=>{"G"=>"1", "NC-17"=>"1", "PG"=>"1", "PG-13"=>"1", "R"=>"1"}, "sort"=>"release_date"}
  [1m[35mMovie Load (0.5ms)[0m  SELECT "movies".* FROM "movies" WHERE "movies"."rating" IN ('G', 'NC-17', 'PG', 'PG-13', 'R') ORDER BY release_date
  Rendered movies/index.html.haml within layouts/application (11.2ms)
Completed 200 OK in 23.1ms (Views: 20.3ms | ActiveRecord: 0.5ms)


Started GET "/assets/application.css?body=1" for 127.0.0.1 at 2014-06-03 01:00:59 -0300
Served asset /application.css - 304 Not Modified (0ms)


Started GET "/assets/jquery.js?body=1" for 127.0.0.1 at 2014-06-03 01:00:59 -0300
Served asset /jquery.js - 304 Not Modified (1ms)


Started GET "/assets/jquery_ujs.js?body=1" for 127.0.0.1 at 2014-06-03 01:00:59 -0300
Served asset /jquery_ujs.js - 304 Not Modified (0ms)


Started GET "/assets/application.js?body=1" for 127.0.0.1 at 2014-06-03 01:00:59 -0300
Served asset /application.js - 304 Not Modified (1ms)
